<?xml version="1.0" encoding="UTF-8"?>
<testsuite xmlns:xsi="http://www.w3.org/2001/XMLSchema-instance" xsi:noNamespaceSchemaLocation="https://maven.apache.org/surefire/maven-surefire-plugin/xsd/surefire-test-report.xsd" version="3.0.2" name="TestSuite" time="16.197" tests="2" errors="0" skipped="0" failures="0">
  <properties>
[...]
</properties>
  <testcase name="Registeration" classname="testCases.TC001_RegistrationPage" time="3.731">
    <system-out><![CDATA[2025-06-09T16:53:10.545448100Z main INFO Starting configuration XmlConfiguration[location=C:\Users\verma\eclipse\Opencart01\target\test-classes\log4j2.xml, lastModified=2025-06-03T15:42:43.890Z]...
2025-06-09T16:53:10.545448100Z main INFO Start watching for changes to C:\Users\verma\eclipse\Opencart01\target\test-classes\log4j2.xml every 0 seconds
2025-06-09T16:53:10.545448100Z main INFO Configuration XmlConfiguration[location=C:\Users\verma\eclipse\Opencart01\target\test-classes\log4j2.xml, lastModified=2025-06-03T15:42:43.890Z] started.
2025-06-09T16:53:10.545448100Z main INFO Stopping configuration org.apache.logging.log4j.core.config.DefaultConfiguration@34f7234e...
2025-06-09T16:53:10.545448100Z main INFO Configuration org.apache.logging.log4j.core.config.DefaultConfiguration@34f7234e stopped.
2025-06-09 18:53:15 [INFO] TC001_RegistrationPage - ***Start of Execution of TC001_RegistrationPage
2025-06-09 18:53:15 [INFO] TC001_RegistrationPage - Clicking on My Account link
2025-06-09 18:53:16 [INFO] TC001_RegistrationPage - Clicking on My Register link
2025-06-09 18:53:17 [INFO] TC001_RegistrationPage - Providing customer Details
2025-06-09 18:53:19 [INFO] TC001_RegistrationPage - Validating confirmation Message
2025-06-09 18:53:19 [INFO] TC001_RegistrationPage - ***Finish of Execution of TC001_RegistrationPage
]]></system-out>
    <system-err><![CDATA[SLF4J(W): No SLF4J providers were found.
SLF4J(W): Defaulting to no-operation (NOP) logger implementation
SLF4J(W): See https://www.slf4j.org/codes.html#noProviders for further details.
SLF4J(W): Class path contains SLF4J bindings targeting slf4j-api versions 1.7.x or earlier.
SLF4J(W): Ignoring binding found at [jar:file:/C:/Users/verma/.m2/repository/org/apache/logging/log4j/log4j-slf4j-impl/2.24.3/log4j-slf4j-impl-2.24.3.jar!/org/slf4j/impl/StaticLoggerBinder.class]
SLF4J(W): See https://www.slf4j.org/codes.html#ignoredBindings for an explanation.
]]></system-err>
  </testcase>
  <testcase name="Verify_login" classname="testCases.TC_002LoginTest" time="1.832">
    <system-out><![CDATA[2025-06-09 18:53:23 [INFO] TC_002LoginTest - ***Start of TC_002LoginTest*** 
2025-06-09 18:53:25 [INFO] TC_002LoginTest - ***End of TC_002LoginTest*** 
]]></system-out>
    <system-err><![CDATA[Jun 09, 2025 6:53:19 PM org.openqa.selenium.remote.http.WebSocket$Listener onError
WARNING: Connection reset
java.net.SocketException: Connection reset
	at java.base/sun.nio.ch.SocketChannelImpl.throwConnectionReset(SocketChannelImpl.java:403)
	at java.base/sun.nio.ch.SocketChannelImpl.implRead(SocketChannelImpl.java:435)
	at java.base/sun.nio.ch.SocketChannelImpl.read(SocketChannelImpl.java:493)
	at java.net.http/jdk.internal.net.http.SocketTube.readAvailable(SocketTube.java:1178)
	at java.net.http/jdk.internal.net.http.SocketTube$InternalReadPublisher$InternalReadSubscription.read(SocketTube.java:841)
	at java.net.http/jdk.internal.net.http.SocketTube$SocketFlowTask.run(SocketTube.java:181)
	at java.net.http/jdk.internal.net.http.common.SequentialScheduler$SchedulableTask.run(SequentialScheduler.java:207)
	at java.net.http/jdk.internal.net.http.common.SequentialScheduler.runOrSchedule(SequentialScheduler.java:280)
	at java.net.http/jdk.internal.net.http.common.SequentialScheduler.runOrSchedule(SequentialScheduler.java:233)
	at java.net.http/jdk.internal.net.http.SocketTube$InternalReadPublisher$InternalReadSubscription.signalReadable(SocketTube.java:782)
	at java.net.http/jdk.internal.net.http.SocketTube$InternalReadPublisher$ReadEvent.signalEvent(SocketTube.java:965)
	at java.net.http/jdk.internal.net.http.SocketTube$SocketFlowEvent.handle(SocketTube.java:253)
	at java.net.http/jdk.internal.net.http.HttpClientImpl$SelectorManager.handleEvent(HttpClientImpl.java:1478)
	at java.net.http/jdk.internal.net.http.HttpClientImpl$SelectorManager.lambda$run$3(HttpClientImpl.java:1423)
	at java.base/java.util.ArrayList.forEach(ArrayList.java:1597)
	at java.net.http/jdk.internal.net.http.HttpClientImpl$SelectorManager.run(HttpClientImpl.java:1423)

]]></system-err>
  </testcase>
</testsuite>