<?xml version="1.0" encoding="UTF-8"?>
<testng-results ignored="0" total="2" passed="2" failed="0" skipped="0">
  <reporter-output>
  </reporter-output>
  <suite started-at="2025-06-09T18:53:10 CEST" name="Master Suite" finished-at="2025-06-09T18:53:25 CEST" duration-ms="14919">
    <groups>
      <group name="Master">
        <method signature="TC001_RegistrationPage.Registeration()[pri:0, instance:testCases.TC001_RegistrationPage@639c2c1d]" name="Registeration" class="testCases.TC001_RegistrationPage"/>
        <method signature="TC_002LoginTest.Verify_login()[pri:0, instance:testCases.TC_002LoginTest@2d3379b4]" name="Verify_login" class="testCases.TC_002LoginTest"/>
      </group> <!-- Master -->
      <group name="Sanity">
        <method signature="TC_002LoginTest.Verify_login()[pri:0, instance:testCases.TC_002LoginTest@2d3379b4]" name="Verify_login" class="testCases.TC_002LoginTest"/>
      </group> <!-- Sanity -->
      <group name="Regression">
        <method signature="TC001_RegistrationPage.Registeration()[pri:0, instance:testCases.TC001_RegistrationPage@639c2c1d]" name="Registeration" class="testCases.TC001_RegistrationPage"/>
      </group> <!-- Regression -->
    </groups>
    <test started-at="2025-06-09T18:53:10 CEST" name="Test" finished-at="2025-06-09T18:53:25 CEST" duration-ms="14919">
      <class name="testCases.TC001_RegistrationPage">
        <test-method is-config="true" signature="setup(java.lang.String,java.lang.String)[pri:0, instance:testCases.TC001_RegistrationPage@639c2c1d]" started-at="2025-06-09T18:53:10 CEST" name="setup" finished-at="2025-06-09T18:53:15 CEST" duration-ms="5585" status="PASS">
          <params>
            <param index="0">
              <value>
                <![CDATA[Windows]]>
              </value>
            </param>
            <param index="1">
              <value>
                <![CDATA[chrome]]>
              </value>
            </param>
          </params>
          <reporter-output>
          </reporter-output>
        </test-method> <!-- setup -->
        <test-method signature="Registeration()[pri:0, instance:testCases.TC001_RegistrationPage@639c2c1d]" started-at="2025-06-09T18:53:15 CEST" name="Registeration" finished-at="2025-06-09T18:53:19 CEST" duration-ms="3712" status="PASS">
          <reporter-output>
          </reporter-output>
        </test-method> <!-- Registeration -->
        <test-method is-config="true" signature="teardown()[pri:0, instance:testCases.TC001_RegistrationPage@639c2c1d]" started-at="2025-06-09T18:53:19 CEST" name="teardown" finished-at="2025-06-09T18:53:19 CEST" duration-ms="89" status="PASS">
          <reporter-output>
          </reporter-output>
        </test-method> <!-- teardown -->
      </class> <!-- testCases.TC001_RegistrationPage -->
      <class name="testCases.TC_002LoginTest">
        <test-method is-config="true" signature="setup(java.lang.String,java.lang.String)[pri:0, instance:testCases.TC_002LoginTest@2d3379b4]" started-at="2025-06-09T18:53:19 CEST" name="setup" finished-at="2025-06-09T18:53:23 CEST" duration-ms="3426" status="PASS">
          <params>
            <param index="0">
              <value>
                <![CDATA[Windows]]>
              </value>
            </param>
            <param index="1">
              <value>
                <![CDATA[chrome]]>
              </value>
            </param>
          </params>
          <reporter-output>
          </reporter-output>
        </test-method> <!-- setup -->
        <test-method signature="Verify_login()[pri:0, instance:testCases.TC_002LoginTest@2d3379b4]" started-at="2025-06-09T18:53:23 CEST" name="Verify_login" finished-at="2025-06-09T18:53:25 CEST" duration-ms="1825" status="PASS">
          <reporter-output>
          </reporter-output>
        </test-method> <!-- Verify_login -->
        <test-method is-config="true" signature="teardown()[pri:0, instance:testCases.TC_002LoginTest@2d3379b4]" started-at="2025-06-09T18:53:25 CEST" name="teardown" finished-at="2025-06-09T18:53:25 CEST" duration-ms="92" status="PASS">
          <reporter-output>
          </reporter-output>
        </test-method> <!-- teardown -->
      </class> <!-- testCases.TC_002LoginTest -->
    </test> <!-- Test -->
  </suite> <!-- Master Suite -->
</testng-results>
